{"C:\\Users\\Grace\\To-Do-List\\src\\modules\\appFunction.js": {"path":"C:\\Users\\Grace\\To-Do-List\\src\\modules\\appFunction.js","statementMap":{"0":{"start":{"line":3,"column":26},"end":{"line":3,"column":78}},"1":{"start":{"line":5,"column":34},"end":{"line":7,"column":1}},"2":{"start":{"line":6,"column":2},"end":{"line":6,"column":65}},"3":{"start":{"line":9,"column":18},"end":{"line":11,"column":1}},"4":{"start":{"line":10,"column":2},"end":{"line":10,"column":47}},"5":{"start":{"line":10,"column":28},"end":{"line":10,"column":45}},"6":{"start":{"line":13,"column":18},"end":{"line":17,"column":1}},"7":{"start":{"line":14,"column":2},"end":{"line":16,"column":5}},"8":{"start":{"line":15,"column":4},"end":{"line":15,"column":42}},"9":{"start":{"line":19,"column":28},"end":{"line":40,"column":1}},"10":{"start":{"line":20,"column":19},"end":{"line":20,"column":55}},"11":{"start":{"line":21,"column":2},"end":{"line":21,"column":26}},"12":{"start":{"line":22,"column":2},"end":{"line":39,"column":5}},"13":{"start":{"line":23,"column":4},"end":{"line":36,"column":6}},"14":{"start":{"line":37,"column":19},"end":{"line":37,"column":64}},"15":{"start":{"line":38,"column":4},"end":{"line":38,"column":31}},"16":{"start":{"line":42,"column":19},"end":{"line":60,"column":1}},"17":{"start":{"line":43,"column":24},"end":{"line":48,"column":3}},"18":{"start":{"line":44,"column":4},"end":{"line":46,"column":63}},"19":{"start":{"line":46,"column":25},"end":{"line":46,"column":61}},"20":{"start":{"line":47,"column":4},"end":{"line":47,"column":83}},"21":{"start":{"line":49,"column":2},"end":{"line":59,"column":5}},"22":{"start":{"line":50,"column":4},"end":{"line":58,"column":5}},"23":{"start":{"line":51,"column":6},"end":{"line":51,"column":29}},"24":{"start":{"line":52,"column":11},"end":{"line":58,"column":5}},"25":{"start":{"line":57,"column":6},"end":{"line":57,"column":29}},"26":{"start":{"line":62,"column":20},"end":{"line":67,"column":1}},"27":{"start":{"line":63,"column":18},"end":{"line":63,"column":51}},"28":{"start":{"line":64,"column":2},"end":{"line":64,"column":22}},"29":{"start":{"line":65,"column":2},"end":{"line":65,"column":32}},"30":{"start":{"line":66,"column":2},"end":{"line":66,"column":41}},"31":{"start":{"line":69,"column":25},"end":{"line":76,"column":1}},"32":{"start":{"line":70,"column":2},"end":{"line":70,"column":18}},"33":{"start":{"line":71,"column":2},"end":{"line":75,"column":5}},"34":{"start":{"line":72,"column":4},"end":{"line":74,"column":50}},"35":{"start":{"line":73,"column":6},"end":{"line":73,"column":47}},"36":{"start":{"line":74,"column":11},"end":{"line":74,"column":50}},"37":{"start":{"line":78,"column":23},"end":{"line":88,"column":1}},"38":{"start":{"line":79,"column":2},"end":{"line":87,"column":3}},"39":{"start":{"line":80,"column":4},"end":{"line":84,"column":7}},"40":{"start":{"line":85,"column":4},"end":{"line":85,"column":25}},"41":{"start":{"line":86,"column":4},"end":{"line":86,"column":19}},"42":{"start":{"line":90,"column":26},"end":{"line":97,"column":1}},"43":{"start":{"line":91,"column":20},"end":{"line":91,"column":44}},"44":{"start":{"line":92,"column":2},"end":{"line":92,"column":34}},"45":{"start":{"line":93,"column":2},"end":{"line":93,"column":14}},"46":{"start":{"line":94,"column":2},"end":{"line":94,"column":14}},"47":{"start":{"line":95,"column":2},"end":{"line":95,"column":23}},"48":{"start":{"line":96,"column":2},"end":{"line":96,"column":17}},"49":{"start":{"line":99,"column":24},"end":{"line":108,"column":1}},"50":{"start":{"line":100,"column":17},"end":{"line":100,"column":46}},"51":{"start":{"line":101,"column":15},"end":{"line":103,"column":3}},"52":{"start":{"line":102,"column":14},"end":{"line":102,"column":53}},"53":{"start":{"line":104,"column":2},"end":{"line":104,"column":37}},"54":{"start":{"line":105,"column":2},"end":{"line":105,"column":23}},"55":{"start":{"line":106,"column":2},"end":{"line":106,"column":19}},"56":{"start":{"line":107,"column":2},"end":{"line":107,"column":22}},"57":{"start":{"line":110,"column":34},"end":{"line":117,"column":1}},"58":{"start":{"line":111,"column":24},"end":{"line":111,"column":67}},"59":{"start":{"line":111,"column":52},"end":{"line":111,"column":66}},"60":{"start":{"line":112,"column":2},"end":{"line":112,"column":52}},"61":{"start":{"line":112,"column":34},"end":{"line":112,"column":50}},"62":{"start":{"line":113,"column":2},"end":{"line":113,"column":14}},"63":{"start":{"line":114,"column":2},"end":{"line":114,"column":14}},"64":{"start":{"line":115,"column":2},"end":{"line":115,"column":23}},"65":{"start":{"line":116,"column":2},"end":{"line":116,"column":17}}},"fnMap":{"0":{"name":"(anonymous_0)","decl":{"start":{"line":5,"column":34},"end":{"line":5,"column":35}},"loc":{"start":{"line":5,"column":40},"end":{"line":7,"column":1}},"line":5},"1":{"name":"(anonymous_1)","decl":{"start":{"line":9,"column":18},"end":{"line":9,"column":19}},"loc":{"start":{"line":9,"column":24},"end":{"line":11,"column":1}},"line":9},"2":{"name":"(anonymous_2)","decl":{"start":{"line":10,"column":18},"end":{"line":10,"column":19}},"loc":{"start":{"line":10,"column":28},"end":{"line":10,"column":45}},"line":10},"3":{"name":"(anonymous_3)","decl":{"start":{"line":13,"column":18},"end":{"line":13,"column":19}},"loc":{"start":{"line":13,"column":24},"end":{"line":17,"column":1}},"line":13},"4":{"name":"(anonymous_4)","decl":{"start":{"line":14,"column":21},"end":{"line":14,"column":22}},"loc":{"start":{"line":14,"column":31},"end":{"line":16,"column":3}},"line":14},"5":{"name":"(anonymous_5)","decl":{"start":{"line":19,"column":28},"end":{"line":19,"column":29}},"loc":{"start":{"line":19,"column":34},"end":{"line":40,"column":1}},"line":19},"6":{"name":"(anonymous_6)","decl":{"start":{"line":22,"column":21},"end":{"line":22,"column":22}},"loc":{"start":{"line":22,"column":31},"end":{"line":39,"column":3}},"line":22},"7":{"name":"(anonymous_7)","decl":{"start":{"line":42,"column":19},"end":{"line":42,"column":20}},"loc":{"start":{"line":42,"column":28},"end":{"line":60,"column":1}},"line":42},"8":{"name":"(anonymous_8)","decl":{"start":{"line":43,"column":24},"end":{"line":43,"column":25}},"loc":{"start":{"line":43,"column":37},"end":{"line":48,"column":3}},"line":43},"9":{"name":"(anonymous_9)","decl":{"start":{"line":46,"column":15},"end":{"line":46,"column":16}},"loc":{"start":{"line":46,"column":25},"end":{"line":46,"column":61}},"line":46},"10":{"name":"(anonymous_10)","decl":{"start":{"line":49,"column":49},"end":{"line":49,"column":50}},"loc":{"start":{"line":49,"column":62},"end":{"line":59,"column":3}},"line":49},"11":{"name":"(anonymous_11)","decl":{"start":{"line":62,"column":20},"end":{"line":62,"column":21}},"loc":{"start":{"line":62,"column":32},"end":{"line":67,"column":1}},"line":62},"12":{"name":"(anonymous_12)","decl":{"start":{"line":69,"column":25},"end":{"line":69,"column":26}},"loc":{"start":{"line":69,"column":41},"end":{"line":76,"column":1}},"line":69},"13":{"name":"(anonymous_13)","decl":{"start":{"line":71,"column":48},"end":{"line":71,"column":49}},"loc":{"start":{"line":71,"column":60},"end":{"line":75,"column":3}},"line":71},"14":{"name":"(anonymous_14)","decl":{"start":{"line":78,"column":23},"end":{"line":78,"column":24}},"loc":{"start":{"line":78,"column":38},"end":{"line":88,"column":1}},"line":78},"15":{"name":"(anonymous_15)","decl":{"start":{"line":90,"column":26},"end":{"line":90,"column":27}},"loc":{"start":{"line":90,"column":36},"end":{"line":97,"column":1}},"line":90},"16":{"name":"(anonymous_16)","decl":{"start":{"line":99,"column":24},"end":{"line":99,"column":25}},"loc":{"start":{"line":99,"column":39},"end":{"line":108,"column":1}},"line":99},"17":{"name":"(anonymous_17)","decl":{"start":{"line":102,"column":4},"end":{"line":102,"column":5}},"loc":{"start":{"line":102,"column":14},"end":{"line":102,"column":53}},"line":102},"18":{"name":"(anonymous_18)","decl":{"start":{"line":110,"column":34},"end":{"line":110,"column":35}},"loc":{"start":{"line":110,"column":40},"end":{"line":117,"column":1}},"line":110},"19":{"name":"(anonymous_19)","decl":{"start":{"line":111,"column":42},"end":{"line":111,"column":43}},"loc":{"start":{"line":111,"column":52},"end":{"line":111,"column":66}},"line":111},"20":{"name":"(anonymous_20)","decl":{"start":{"line":112,"column":24},"end":{"line":112,"column":25}},"loc":{"start":{"line":112,"column":34},"end":{"line":112,"column":50}},"line":112}},"branchMap":{"0":{"loc":{"start":{"line":3,"column":26},"end":{"line":3,"column":78}},"type":"binary-expr","locations":[{"start":{"line":3,"column":26},"end":{"line":3,"column":72}},{"start":{"line":3,"column":76},"end":{"line":3,"column":78}}],"line":3},"1":{"loc":{"start":{"line":28,"column":2},"end":{"line":28,"column":29}},"type":"binary-expr","locations":[{"start":{"line":28,"column":2},"end":{"line":28,"column":16}},{"start":{"line":28,"column":20},"end":{"line":28,"column":29}}],"line":28},"2":{"loc":{"start":{"line":47,"column":27},"end":{"line":47,"column":82}},"type":"cond-expr","locations":[{"start":{"line":47,"column":64},"end":{"line":47,"column":70}},{"start":{"line":47,"column":73},"end":{"line":47,"column":82}}],"line":47},"3":{"loc":{"start":{"line":50,"column":4},"end":{"line":58,"column":5}},"type":"if","locations":[{"start":{"line":50,"column":4},"end":{"line":58,"column":5}},{"start":{"line":52,"column":11},"end":{"line":58,"column":5}}],"line":50},"4":{"loc":{"start":{"line":52,"column":11},"end":{"line":58,"column":5}},"type":"if","locations":[{"start":{"line":52,"column":11},"end":{"line":58,"column":5}},{"start":{},"end":{}}],"line":52},"5":{"loc":{"start":{"line":69,"column":26},"end":{"line":69,"column":36}},"type":"default-arg","locations":[{"start":{"line":69,"column":32},"end":{"line":69,"column":36}}],"line":69},"6":{"loc":{"start":{"line":72,"column":4},"end":{"line":74,"column":50}},"type":"if","locations":[{"start":{"line":72,"column":4},"end":{"line":74,"column":50}},{"start":{"line":74,"column":11},"end":{"line":74,"column":50}}],"line":72},"7":{"loc":{"start":{"line":79,"column":2},"end":{"line":87,"column":3}},"type":"if","locations":[{"start":{"line":79,"column":2},"end":{"line":87,"column":3}},{"start":{},"end":{}}],"line":79}},"s":{"0":1,"1":1,"2":2,"3":1,"4":1,"5":0,"6":1,"7":1,"8":0,"9":1,"10":4,"11":4,"12":4,"13":2,"14":2,"15":2,"16":1,"17":0,"18":0,"19":0,"20":0,"21":0,"22":0,"23":0,"24":0,"25":0,"26":1,"27":0,"28":0,"29":0,"30":0,"31":1,"32":0,"33":0,"34":0,"35":0,"36":0,"37":1,"38":1,"39":1,"40":1,"41":1,"42":1,"43":1,"44":1,"45":1,"46":1,"47":1,"48":1,"49":1,"50":0,"51":0,"52":0,"53":0,"54":0,"55":0,"56":0,"57":1,"58":0,"59":0,"60":0,"61":0,"62":0,"63":0,"64":0,"65":0},"f":{"0":2,"1":1,"2":0,"3":1,"4":0,"5":4,"6":2,"7":0,"8":0,"9":0,"10":0,"11":0,"12":0,"13":0,"14":1,"15":1,"16":0,"17":0,"18":0,"19":0,"20":0},"b":{"0":[1,1],"1":[2,0],"2":[0,0],"3":[0,0],"4":[0,0],"5":[0],"6":[0,0],"7":[1,0]},"_coverageSchema":"1a1c01bbd47fc00a2c39e90264f33305004495a9","hash":"3c6c76a330ee37d59b88f6d503510665af2704d2"}
,"C:\\Users\\Grace\\To-Do-List\\src\\modules\\checkbox.js": {"path":"C:\\Users\\Grace\\To-Do-List\\src\\modules\\checkbox.js","statementMap":{"0":{"start":{"line":1,"column":28},"end":{"line":8,"column":1}},"1":{"start":{"line":2,"column":20},"end":{"line":2,"column":55}},"2":{"start":{"line":3,"column":2},"end":{"line":7,"column":3}},"3":{"start":{"line":4,"column":4},"end":{"line":4,"column":52}},"4":{"start":{"line":6,"column":4},"end":{"line":6,"column":44}},"5":{"start":{"line":10,"column":25},"end":{"line":17,"column":1}},"6":{"start":{"line":11,"column":17},"end":{"line":11,"column":40}},"7":{"start":{"line":12,"column":15},"end":{"line":14,"column":3}},"8":{"start":{"line":13,"column":14},"end":{"line":13,"column":53}},"9":{"start":{"line":15,"column":2},"end":{"line":15,"column":35}},"10":{"start":{"line":16,"column":2},"end":{"line":16,"column":29}}},"fnMap":{"0":{"name":"(anonymous_0)","decl":{"start":{"line":1,"column":28},"end":{"line":1,"column":29}},"loc":{"start":{"line":1,"column":46},"end":{"line":8,"column":1}},"line":1},"1":{"name":"(anonymous_1)","decl":{"start":{"line":10,"column":25},"end":{"line":10,"column":26}},"loc":{"start":{"line":10,"column":46},"end":{"line":17,"column":1}},"line":10},"2":{"name":"(anonymous_2)","decl":{"start":{"line":13,"column":4},"end":{"line":13,"column":5}},"loc":{"start":{"line":13,"column":14},"end":{"line":13,"column":53}},"line":13}},"branchMap":{"0":{"loc":{"start":{"line":3,"column":2},"end":{"line":7,"column":3}},"type":"if","locations":[{"start":{"line":3,"column":2},"end":{"line":7,"column":3}},{"start":{"line":5,"column":9},"end":{"line":7,"column":3}}],"line":3}},"s":{"0":1,"1":2,"2":2,"3":0,"4":2,"5":1,"6":0,"7":0,"8":0,"9":0,"10":0},"f":{"0":2,"1":0,"2":0},"b":{"0":[0,2]},"_coverageSchema":"1a1c01bbd47fc00a2c39e90264f33305004495a9","hash":"505433699f987bdeaca37960fd01517cdd61587c"}
}
